<?xml version="1.0" encoding="UTF-8" standalone="no"?>
<testsuite errors="0" failures="0" name="io.cucumber.core.plugin.JUnitFormatter" skipped="0" tests="1" time="12.932">
<testcase classname="Feature to test google functionality" name="Validate google search is working" time="12.241">
<system-out><![CDATA[Given browser is open.......................................................passed
And user is on google search page...........................................passed
When user enters a text in search box.......................................passed
And hits enter..............................................................passed
Then user navigate to search page...........................................passed
]]></system-out>
</testcase>
</testsuite>
